1613479426847	geckodriver	INFO	Listening on 127.0.0.1:57491
1613479427857	mozrunner::runner	INFO	Running command: "/usr/bin/firefox" "--marionette" "-foreground" "-no-remote" "-profile" "/tmp/rust_mozprofileUJdTa8"
console.warn: SearchSettings: "get: No settings file exists, new profile?" (new Error("", "(unknown module)"))
console.warn: SearchSettings: "get: No settings file exists, new profile?" (new Error("", "(unknown module)"))
1613479430649	Marionette	INFO	Listening on port 33131
1613479430695	Marionette	WARN	TLS certificate errors will be ignored for this session
1613479430707	Marionette	ERROR	[15] No reply from Marionette:Register
1613479437243	Marionette	INFO	Stopped listening on port 33131

###!!! [Parent][RunMessage] Error: Channel closing: too late to send/recv, messages will be lost

1613479695738	geckodriver	INFO	Listening on 127.0.0.1:54369
1613479696745	mozrunner::runner	INFO	Running command: "/usr/bin/firefox" "--marionette" "-foreground" "-no-remote" "-profile" "/tmp/rust_mozprofilekIH6F3"
console.warn: SearchSettings: "get: No settings file exists, new profile?" (new Error("", "(unknown module)"))
console.warn: SearchSettings: "get: No settings file exists, new profile?" (new Error("", "(unknown module)"))
1613479698926	Marionette	INFO	Listening on port 44009
1613479698975	Marionette	WARN	TLS certificate errors will be ignored for this session
1613479698990	Marionette	ERROR	[15] No reply from Marionette:Register
1613479756511	Marionette	INFO	Stopped listening on port 44009

###!!! [Parent][RunMessage] Error: Channel closing: too late to send/recv, messages will be lost

1613479757438	geckodriver	INFO	Listening on 127.0.0.1:57501
1613479758443	mozrunner::runner	INFO	Running command: "/usr/bin/firefox" "--marionette" "-foreground" "-no-remote" "-profile" "/tmp/rust_mozprofileJJkpya"
console.warn: SearchSettings: "get: No settings file exists, new profile?" (new Error("", "(unknown module)"))
console.warn: SearchSettings: "get: No settings file exists, new profile?" (new Error("", "(unknown module)"))
1613479760569	Marionette	INFO	Listening on port 35663
1613479760677	Marionette	WARN	TLS certificate errors will be ignored for this session
1613479760694	Marionette	ERROR	[15] No reply from Marionette:Register
1613479993295	Marionette	INFO	Stopped listening on port 35663

###!!! [Parent][RunMessage] Error: Channel closing: too late to send/recv, messages will be lost

1613479994163	geckodriver	INFO	Listening on 127.0.0.1:51693
1613479995170	mozrunner::runner	INFO	Running command: "/usr/bin/firefox" "--marionette" "-foreground" "-no-remote" "-profile" "/tmp/rust_mozprofilez1vx88"
console.warn: SearchSettings: "get: No settings file exists, new profile?" (new Error("", "(unknown module)"))
console.warn: SearchSettings: "get: No settings file exists, new profile?" (new Error("", "(unknown module)"))
1613479997437	Marionette	INFO	Listening on port 39561
1613479997511	Marionette	WARN	TLS certificate errors will be ignored for this session
1613479997524	Marionette	ERROR	[15] No reply from Marionette:Register
1613480083539	Marionette	WARN	TimedPromise timed out after 500 ms: stacktrace:
TimedPromise/<@chrome://marionette/content/sync.js:235:19
TimedPromise@chrome://marionette/content/sync.js:220:10
interaction.flushEventLoop@chrome://marionette/content/interaction.js:418:10
webdriverClickElement@chrome://marionette/content/interaction.js:179:31
1613480084771	Marionette	WARN	TimedPromise timed out after 500 ms: stacktrace:
TimedPromise/<@chrome://marionette/content/sync.js:235:19
TimedPromise@chrome://marionette/content/sync.js:220:10
interaction.flushEventLoop@chrome://marionette/content/interaction.js:418:10
webdriverClickElement@chrome://marionette/content/interaction.js:179:31
1613480085492	Marionette	WARN	TimedPromise timed out after 500 ms: stacktrace:
TimedPromise/<@chrome://marionette/content/sync.js:235:19
TimedPromise@chrome://marionette/content/sync.js:220:10
interaction.flushEventLoop@chrome://marionette/content/interaction.js:418:10
webdriverClickElement@chrome://marionette/content/interaction.js:179:31
1613480086772	Marionette	WARN	TimedPromise timed out after 500 ms: stacktrace:
TimedPromise/<@chrome://marionette/content/sync.js:235:19
TimedPromise@chrome://marionette/content/sync.js:220:10
interaction.flushEventLoop@chrome://marionette/content/interaction.js:418:10
webdriverClickElement@chrome://marionette/content/interaction.js:179:31
1613480336668	Marionette	INFO	Stopped listening on port 39561

###!!! [Parent][RunMessage] Error: Channel closing: too late to send/recv, messages will be lost

1613480420769	geckodriver	INFO	Listening on 127.0.0.1:43527
1613480420773	mozrunner::runner	INFO	Running command: "/usr/bin/firefox" "--marionette" "-foreground" "-no-remote" "-profile" "/tmp/rust_mozprofileappasM"
console.warn: SearchSettings: "get: No settings file exists, new profile?" (new Error("", "(unknown module)"))
console.warn: SearchSettings: "get: No settings file exists, new profile?" (new Error("", "(unknown module)"))
1613480422956	Marionette	INFO	Listening on port 43589
1613480423010	Marionette	WARN	TLS certificate errors will be ignored for this session
1613480423027	Marionette	ERROR	[15] No reply from Marionette:Register

###!!! [Child][MessageChannel] Error: (msgtype=0x5C000A,name=PHttpChannel::Msg_DeletingChannel) Channel closing: too late to send/recv, messages will be lost

1613480480850	Marionette	INFO	Stopped listening on port 43589

###!!! [Parent][RunMessage] Error: Channel closing: too late to send/recv, messages will be lost

1613480508687	geckodriver	INFO	Listening on 127.0.0.1:34553
1613480508693	mozrunner::runner	INFO	Running command: "/usr/bin/firefox" "--marionette" "-foreground" "-no-remote" "-profile" "/tmp/rust_mozprofilels2juZ"
console.warn: SearchSettings: "get: No settings file exists, new profile?" (new Error("", "(unknown module)"))
console.warn: SearchSettings: "get: No settings file exists, new profile?" (new Error("", "(unknown module)"))
1613480510874	Marionette	INFO	Listening on port 36687
1613480510924	Marionette	WARN	TLS certificate errors will be ignored for this session
1613480510938	Marionette	ERROR	[15] No reply from Marionette:Register
1613480527402	Marionette	INFO	Stopped listening on port 36687

###!!! [Parent][RunMessage] Error: Channel closing: too late to send/recv, messages will be lost

1613480587595	geckodriver	INFO	Listening on 127.0.0.1:50677
1613480588602	mozrunner::runner	INFO	Running command: "/usr/bin/firefox" "--marionette" "-foreground" "-no-remote" "-profile" "/tmp/rust_mozprofileSynI8w"
console.warn: SearchSettings: "get: No settings file exists, new profile?" (new Error("", "(unknown module)"))
console.warn: SearchSettings: "get: No settings file exists, new profile?" (new Error("", "(unknown module)"))
1613480590946	Marionette	INFO	Listening on port 35953
1613480591037	Marionette	WARN	TLS certificate errors will be ignored for this session
1613480591053	Marionette	ERROR	[15] No reply from Marionette:Register

###!!! [Child][MessageChannel] Error: (msgtype=0x5C000A,name=PHttpChannel::Msg_DeletingChannel) Channel closing: too late to send/recv, messages will be lost

1613480624909	Marionette	INFO	Stopped listening on port 35953

###!!! [Parent][RunMessage] Error: Channel closing: too late to send/recv, messages will be lost

1613480629106	geckodriver	INFO	Listening on 127.0.0.1:56233
1613480630112	mozrunner::runner	INFO	Running command: "/usr/bin/firefox" "--marionette" "-foreground" "-no-remote" "-profile" "/tmp/rust_mozprofilenFgMXW"
console.warn: SearchSettings: "get: No settings file exists, new profile?" (new Error("", "(unknown module)"))
console.warn: SearchSettings: "get: No settings file exists, new profile?" (new Error("", "(unknown module)"))
1613480632412	Marionette	INFO	Listening on port 44189
1613480632447	Marionette	WARN	TLS certificate errors will be ignored for this session
1613480632466	Marionette	ERROR	[15] No reply from Marionette:Register
1613480715944	geckodriver	INFO	Listening on 127.0.0.1:54419
1613480716951	mozrunner::runner	INFO	Running command: "/usr/bin/firefox" "--marionette" "-foreground" "-no-remote" "-profile" "/tmp/rust_mozprofileQPgFIJ"
console.warn: SearchSettings: "get: No settings file exists, new profile?" (new Error("", "(unknown module)"))
console.warn: SearchSettings: "get: No settings file exists, new profile?" (new Error("", "(unknown module)"))
1613480719161	Marionette	INFO	Listening on port 43873
1613480719284	Marionette	WARN	TLS certificate errors will be ignored for this session
1613480719303	Marionette	ERROR	[15] No reply from Marionette:Register
1613480745335	geckodriver	INFO	Listening on 127.0.0.1:38149
1613480746342	mozrunner::runner	INFO	Running command: "/usr/bin/firefox" "--marionette" "-foreground" "-no-remote" "-profile" "/tmp/rust_mozprofile3zNJGq"
console.warn: SearchSettings: "get: No settings file exists, new profile?" (new Error("", "(unknown module)"))
console.warn: SearchSettings: "get: No settings file exists, new profile?" (new Error("", "(unknown module)"))
1613480748547	Marionette	INFO	Listening on port 41653
1613480748575	Marionette	WARN	TLS certificate errors will be ignored for this session
1613480748596	Marionette	ERROR	[15] No reply from Marionette:Register

###!!! [Child][MessageChannel] Error: (msgtype=0x5C0009,name=PHttpChannel::Msg_RemoveCorsPreflightCacheEntry) Channel closing: too late to send/recv, messages will be lost


###!!! [Child][MessageChannel] Error: (msgtype=0x5C000A,name=PHttpChannel::Msg_DeletingChannel) Channel closing: too late to send/recv, messages will be lost

1613480784186	Marionette	INFO	Stopped listening on port 44189
1613480784190	Marionette	INFO	Stopped listening on port 43873

###!!! [Parent][RunMessage] Error: Channel closing: too late to send/recv, messages will be lost

1613480784281	Marionette	INFO	Stopped listening on port 41653

###!!! [Parent][RunMessage] Error: Channel closing: too late to send/recv, messages will be lost


###!!! [Parent][RunMessage] Error: Channel closing: too late to send/recv, messages will be lost

1613480784879	geckodriver	INFO	Listening on 127.0.0.1:46323
1613480785887	mozrunner::runner	INFO	Running command: "/usr/bin/firefox" "--marionette" "-foreground" "-no-remote" "-profile" "/tmp/rust_mozprofileDIKOu2"
console.warn: SearchSettings: "get: No settings file exists, new profile?" (new Error("", "(unknown module)"))
console.warn: SearchSettings: "get: No settings file exists, new profile?" (new Error("", "(unknown module)"))
1613480788296	Marionette	INFO	Listening on port 39725
1613480788418	Marionette	WARN	TLS certificate errors will be ignored for this session
1613480788434	Marionette	ERROR	[15] No reply from Marionette:Register
1613480867539	geckodriver	INFO	Listening on 127.0.0.1:46215
1613480868546	mozrunner::runner	INFO	Running command: "/usr/bin/firefox" "--marionette" "-foreground" "-no-remote" "-profile" "/tmp/rust_mozprofile2xVoyT"
console.warn: SearchSettings: "get: No settings file exists, new profile?" (new Error("", "(unknown module)"))
console.warn: SearchSettings: "get: No settings file exists, new profile?" (new Error("", "(unknown module)"))
1613480870844	Marionette	INFO	Listening on port 42931
1613480870881	Marionette	WARN	TLS certificate errors will be ignored for this session
1613480870896	Marionette	ERROR	[15] No reply from Marionette:Register
1613480928062	Marionette	INFO	Stopped listening on port 42931

###!!! [Parent][RunMessage] Error: Channel closing: too late to send/recv, messages will be lost

console.log: WebExtensions: reset-default-search: No addons in our list are installed.
1613481324940	Marionette	INFO	Stopped listening on port 39725

###!!! [Parent][RunMessage] Error: Channel closing: too late to send/recv, messages will be lost

1613481328818	geckodriver	INFO	Listening on 127.0.0.1:46019
1613481328822	mozrunner::runner	INFO	Running command: "/usr/bin/firefox" "--marionette" "-foreground" "-no-remote" "-profile" "/tmp/rust_mozprofileKAHnGq"
console.warn: SearchSettings: "get: No settings file exists, new profile?" (new Error("", "(unknown module)"))
console.warn: SearchSettings: "get: No settings file exists, new profile?" (new Error("", "(unknown module)"))
1613481331026	Marionette	INFO	Listening on port 45273
1613481331051	Marionette	WARN	TLS certificate errors will be ignored for this session
1613481331066	Marionette	ERROR	[15] No reply from Marionette:Register
1613481519616	geckodriver	INFO	Listening on 127.0.0.1:39469
1613481519623	mozrunner::runner	INFO	Running command: "/usr/bin/firefox" "--marionette" "-foreground" "-no-remote" "-profile" "/tmp/rust_mozprofileFw5mpS"
console.warn: SearchSettings: "get: No settings file exists, new profile?" (new Error("", "(unknown module)"))
console.warn: SearchSettings: "get: No settings file exists, new profile?" (new Error("", "(unknown module)"))
1613481521968	Marionette	INFO	Listening on port 37695
1613481522057	Marionette	WARN	TLS certificate errors will be ignored for this session
1613481522072	Marionette	ERROR	[15] No reply from Marionette:Register
1613481554977	geckodriver	INFO	Listening on 127.0.0.1:50745
1613481554982	mozrunner::runner	INFO	Running command: "/usr/bin/firefox" "--marionette" "-foreground" "-no-remote" "-profile" "/tmp/rust_mozprofileAxMBiH"
console.warn: SearchSettings: "get: No settings file exists, new profile?" (new Error("", "(unknown module)"))
console.warn: SearchSettings: "get: No settings file exists, new profile?" (new Error("", "(unknown module)"))
1613481557351	Marionette	INFO	Listening on port 38907
1613481557416	Marionette	WARN	TLS certificate errors will be ignored for this session
1613481557432	Marionette	ERROR	[15] No reply from Marionette:Register
console.log: WebExtensions: reset-default-search: No addons in our list are installed.
1613481773254	geckodriver	INFO	Listening on 127.0.0.1:37145
1613481773259	mozrunner::runner	INFO	Running command: "/usr/bin/firefox" "--marionette" "-foreground" "-no-remote" "-profile" "/tmp/rust_mozprofile3kqgcy"
console.warn: SearchSettings: "get: No settings file exists, new profile?" (new Error("", "(unknown module)"))
console.warn: SearchSettings: "get: No settings file exists, new profile?" (new Error("", "(unknown module)"))
1613481775528	Marionette	INFO	Listening on port 37055
1613481775590	Marionette	WARN	TLS certificate errors will be ignored for this session
1613481775604	Marionette	ERROR	[15] No reply from Marionette:Register
1613481793192	Marionette	INFO	Stopped listening on port 37695
1613481793193	Marionette	INFO	Stopped listening on port 38907

###!!! [Parent][RunMessage] Error: Channel closing: too late to send/recv, messages will be lost

1613481793215	Marionette	INFO	Stopped listening on port 45273

###!!! [Parent][RunMessage] Error: Channel closing: too late to send/recv, messages will be lost

1613481793321	Marionette	INFO	Stopped listening on port 37055

###!!! [Parent][RunMessage] Error: Channel closing: too late to send/recv, messages will be lost

1613481864208	geckodriver	INFO	Listening on 127.0.0.1:44891
1613481864211	mozrunner::runner	INFO	Running command: "/usr/bin/firefox" "--marionette" "-foreground" "-no-remote" "-profile" "/tmp/rust_mozprofilexcq26D"
console.warn: SearchSettings: "get: No settings file exists, new profile?" (new Error("", "(unknown module)"))
console.warn: SearchSettings: "get: No settings file exists, new profile?" (new Error("", "(unknown module)"))
1613481866589	Marionette	INFO	Listening on port 38141
1613481866643	Marionette	WARN	TLS certificate errors will be ignored for this session
1613481866657	Marionette	ERROR	[15] No reply from Marionette:Register

###!!! [Child][RunMessage] Error: Channel closing: too late to send/recv, messages will be lost

1613481878171	Marionette	INFO	Stopped listening on port 38141

###!!! [Parent][RunMessage] Error: Channel closing: too late to send/recv, messages will be lost

1613481890954	geckodriver	INFO	Listening on 127.0.0.1:49615
1613481890957	mozrunner::runner	INFO	Running command: "/usr/bin/firefox" "--marionette" "-foreground" "-no-remote" "-profile" "/tmp/rust_mozprofileMXx7pk"
console.warn: SearchSettings: "get: No settings file exists, new profile?" (new Error("", "(unknown module)"))
console.warn: SearchSettings: "get: No settings file exists, new profile?" (new Error("", "(unknown module)"))
1613481893392	Marionette	INFO	Listening on port 40041
1613481893488	Marionette	WARN	TLS certificate errors will be ignored for this session
1613481893501	Marionette	ERROR	[15] No reply from Marionette:Register
1613481905121	Marionette	WARN	TimedPromise timed out after 500 ms: stacktrace:
TimedPromise/<@chrome://marionette/content/sync.js:235:19
TimedPromise@chrome://marionette/content/sync.js:220:10
interaction.flushEventLoop@chrome://marionette/content/interaction.js:418:10
webdriverClickElement@chrome://marionette/content/interaction.js:179:31
1613481922181	Marionette	INFO	Stopped listening on port 40041

###!!! [Parent][RunMessage] Error: Channel closing: too late to send/recv, messages will be lost

1613482270535	geckodriver	INFO	Listening on 127.0.0.1:38663
1613482270542	mozrunner::runner	INFO	Running command: "/usr/bin/firefox" "--marionette" "-foreground" "-no-remote" "-profile" "/tmp/rust_mozprofile2MSWCq"
console.warn: SearchSettings: "get: No settings file exists, new profile?" (new Error("", "(unknown module)"))
console.warn: SearchSettings: "get: No settings file exists, new profile?" (new Error("", "(unknown module)"))
1613482272802	Marionette	INFO	Listening on port 38747
1613482272873	Marionette	WARN	TLS certificate errors will be ignored for this session
1613482272891	Marionette	ERROR	[15] No reply from Marionette:Register
console.log: WebExtensions: reset-default-search: No addons in our list are installed.
1613482674367	geckodriver	INFO	Listening on 127.0.0.1:40499
1613482674373	mozrunner::runner	INFO	Running command: "/usr/bin/firefox" "--marionette" "-foreground" "-no-remote" "-profile" "/tmp/rust_mozprofilevGWk21"
console.warn: SearchSettings: "get: No settings file exists, new profile?" (new Error("", "(unknown module)"))
console.warn: SearchSettings: "get: No settings file exists, new profile?" (new Error("", "(unknown module)"))
1613482676677	Marionette	INFO	Listening on port 33267
1613482676702	Marionette	WARN	TLS certificate errors will be ignored for this session
1613482676716	Marionette	ERROR	[15] No reply from Marionette:Register

###!!! [Child][MessageChannel] Error: (msgtype=0x5C000A,name=PHttpChannel::Msg_DeletingChannel) Channel closing: too late to send/recv, messages will be lost

1613482708819	Marionette	INFO	Stopped listening on port 38747
1613482708909	Marionette	INFO	Stopped listening on port 33267

###!!! [Parent][RunMessage] Error: Channel closing: too late to send/recv, messages will be lost

1613482712276	geckodriver	INFO	Listening on 127.0.0.1:44487
1613482712279	mozrunner::runner	INFO	Running command: "/usr/bin/firefox" "--marionette" "-foreground" "-no-remote" "-profile" "/tmp/rust_mozprofile6VR0kx"
console.warn: SearchSettings: "get: No settings file exists, new profile?" (new Error("", "(unknown module)"))
console.warn: SearchSettings: "get: No settings file exists, new profile?" (new Error("", "(unknown module)"))
1613482714676	Marionette	INFO	Listening on port 37311
1613482714711	Marionette	WARN	TLS certificate errors will be ignored for this session
1613482714724	Marionette	ERROR	[15] No reply from Marionette:Register
1613482736128	Marionette	INFO	Stopped listening on port 37311

###!!! [Parent][RunMessage] Error: Channel closing: too late to send/recv, messages will be lost

1613482754953	geckodriver	INFO	Listening on 127.0.0.1:39499
1613482754957	mozrunner::runner	INFO	Running command: "/usr/bin/firefox" "--marionette" "-foreground" "-no-remote" "-profile" "/tmp/rust_mozprofilezwyuDp"
console.warn: SearchSettings: "get: No settings file exists, new profile?" (new Error("", "(unknown module)"))
console.warn: SearchSettings: "get: No settings file exists, new profile?" (new Error("", "(unknown module)"))
1613482757208	Marionette	INFO	Listening on port 42733
1613482757290	Marionette	WARN	TLS certificate errors will be ignored for this session
1613482757304	Marionette	ERROR	[15] No reply from Marionette:Register
1613482781438	Marionette	INFO	Stopped listening on port 42733

###!!! [Parent][RunMessage] Error: Channel closing: too late to send/recv, messages will be lost

1613482784589	geckodriver	INFO	Listening on 127.0.0.1:53573
1613482784593	mozrunner::runner	INFO	Running command: "/usr/bin/firefox" "--marionette" "-foreground" "-no-remote" "-profile" "/tmp/rust_mozprofileKXj7Sr"
console.warn: SearchSettings: "get: No settings file exists, new profile?" (new Error("", "(unknown module)"))
console.warn: SearchSettings: "get: No settings file exists, new profile?" (new Error("", "(unknown module)"))
1613482787041	Marionette	INFO	Listening on port 40097
1613482787132	Marionette	WARN	TLS certificate errors will be ignored for this session
1613482787147	Marionette	ERROR	[15] No reply from Marionette:Register
1613482824149	Marionette	INFO	Stopped listening on port 40097

###!!! [Parent][RunMessage] Error: Channel closing: too late to send/recv, messages will be lost

1613482950625	geckodriver	INFO	Listening on 127.0.0.1:35413
1613482950628	mozrunner::runner	INFO	Running command: "/usr/bin/firefox" "--marionette" "-foreground" "-no-remote" "-profile" "/tmp/rust_mozprofileGpTbM3"
console.warn: SearchSettings: "get: No settings file exists, new profile?" (new Error("", "(unknown module)"))
console.warn: SearchSettings: "get: No settings file exists, new profile?" (new Error("", "(unknown module)"))
1613482952808	Marionette	INFO	Listening on port 40421
1613482952857	Marionette	WARN	TLS certificate errors will be ignored for this session
1613482952869	Marionette	ERROR	[15] No reply from Marionette:Register
1613482988087	Marionette	ERROR	[39] No reply from Marionette:Register
1613482999702	Marionette	INFO	Stopped listening on port 40421

###!!! [Parent][RunMessage] Error: Channel closing: too late to send/recv, messages will be lost

1613483037154	geckodriver	INFO	Listening on 127.0.0.1:35653
1613483037157	mozrunner::runner	INFO	Running command: "/usr/bin/firefox" "--marionette" "-foreground" "-no-remote" "-profile" "/tmp/rust_mozprofileKwqULs"
console.warn: SearchSettings: "get: No settings file exists, new profile?" (new Error("", "(unknown module)"))
console.warn: SearchSettings: "get: No settings file exists, new profile?" (new Error("", "(unknown module)"))
1613483039367	Marionette	INFO	Listening on port 43435
1613483039480	Marionette	WARN	TLS certificate errors will be ignored for this session
1613483039494	Marionette	ERROR	[15] No reply from Marionette:Register
1613483089919	Marionette	INFO	Stopped listening on port 43435

###!!! [Parent][RunMessage] Error: Channel closing: too late to send/recv, messages will be lost

1613483540539	geckodriver	INFO	Listening on 127.0.0.1:36937
1613483540545	mozrunner::runner	INFO	Running command: "/usr/bin/firefox" "--marionette" "-foreground" "-no-remote" "-profile" "/tmp/rust_mozprofilev6wI2F"
console.warn: SearchSettings: "get: No settings file exists, new profile?" (new Error("", "(unknown module)"))
console.warn: SearchSettings: "get: No settings file exists, new profile?" (new Error("", "(unknown module)"))
1613483542946	Marionette	INFO	Listening on port 37753
1613483542986	Marionette	WARN	TLS certificate errors will be ignored for this session
1613483543005	Marionette	ERROR	[15] No reply from Marionette:Register

###!!! [Child][MessageChannel] Error: (msgtype=0x5C0009,name=PHttpChannel::Msg_RemoveCorsPreflightCacheEntry) Channel closing: too late to send/recv, messages will be lost


###!!! [Child][MessageChannel] Error: (msgtype=0x5C000A,name=PHttpChannel::Msg_DeletingChannel) Channel closing: too late to send/recv, messages will be lost

1613483577989	Marionette	INFO	Stopped listening on port 37753

###!!! [Parent][RunMessage] Error: Channel closing: too late to send/recv, messages will be lost

